<?xml version="1.0" encoding="UTF-8"?>
<!-- Generated by org.testng.reporters.JUnitXMLReporter -->
<testsuite ignored="8" hostname="LAPTOP-D3SD4895" failures="0" tests="4" name="Test" time="0.075" errors="0" timestamp="2023-08-10T09:44:30 IST">
  <testcase classname="groupexecution.test3" name="demo2" time="0.012"/>
  <testcase classname="groupexecution.test2" name="demo2" time="0.002"/>
  <testcase classname="groupexecution.test2" name="demo3" time="0.001"/>
  <testcase classname="groupexecution.test1" name="demo2" time="0.002"/>
  <testcase classname="groupexecution.test1" name="demo3" time="0.0">
    <ignored/>
  </testcase> <!-- demo3 -->
  <testcase classname="groupexecution.test4" name="demo2" time="0.0">
    <ignored/>
  </testcase> <!-- demo2 -->
  <testcase classname="groupexecution.test4" name="demo1" time="0.0">
    <ignored/>
  </testcase> <!-- demo1 -->
  <testcase classname="groupexecution.test2" name="demo1" time="0.0">
    <ignored/>
  </testcase> <!-- demo1 -->
  <testcase classname="groupexecution.test4" name="demo3" time="0.0">
    <ignored/>
  </testcase> <!-- demo3 -->
  <testcase classname="groupexecution.test3" name="demo3" time="0.0">
    <ignored/>
  </testcase> <!-- demo3 -->
  <testcase classname="groupexecution.test1" name="demo1" time="0.0">
    <ignored/>
  </testcase> <!-- demo1 -->
  <testcase classname="groupexecution.test3" name="demo1" time="0.0">
    <ignored/>
  </testcase> <!-- demo1 -->
</testsuite> <!-- Test -->
